Post-processing ./clients/ts-fetch/src/models/AddOrEditAProductResponse.ts: clients/ts-fetch/src/models/AddOrEditAProductResponse.ts 122ms
Post-processing ./clients/ts-fetch/src/models/AddPhotoToExistingProductResponse.ts: clients/ts-fetch/src/models/AddPhotoToExistingProductResponse.ts 87ms
Post-processing ./clients/ts-fetch/src/models/AddPhotoToExistingProductResponseFilesInner.ts: clients/ts-fetch/src/models/AddPhotoToExistingProductResponseFilesInner.ts 73ms
Post-processing ./clients/ts-fetch/src/models/AddPhotoToExistingProductResponseImage.ts: clients/ts-fetch/src/models/AddPhotoToExistingProductResponseImage.ts 57ms
Post-processing ./clients/ts-fetch/src/models/AdjustmentsOriginOfIngredientAggregated.ts: clients/ts-fetch/src/models/AdjustmentsOriginOfIngredientAggregated.ts 61ms
Post-processing ./clients/ts-fetch/src/models/AdjustmentsPackagingItem.ts: clients/ts-fetch/src/models/AdjustmentsPackagingItem.ts 68ms
Post-processing ./clients/ts-fetch/src/models/AppCredentials.ts: clients/ts-fetch/src/models/AppCredentials.ts 62ms
Post-processing ./clients/ts-fetch/src/models/Attribute.ts: clients/ts-fetch/src/models/Attribute.ts 68ms
Post-processing ./clients/ts-fetch/src/models/AttributeGroup.ts: clients/ts-fetch/src/models/AttributeGroup.ts 56ms
Post-processing ./clients/ts-fetch/src/models/Element.ts: clients/ts-fetch/src/models/Element.ts 71ms
Post-processing ./clients/ts-fetch/src/models/GetPreferences200ResponseInner.ts: clients/ts-fetch/src/models/GetPreferences200ResponseInner.ts 61ms
Post-processing ./clients/ts-fetch/src/models/GetProductByBarcodeAllResponse.ts: clients/ts-fetch/src/models/GetProductByBarcodeAllResponse.ts 61ms
Post-processing ./clients/ts-fetch/src/models/GetProductByBarcodeKnowledgePanelsResponse.ts: clients/ts-fetch/src/models/GetProductByBarcodeKnowledgePanelsResponse.ts 97ms
Post-processing ./clients/ts-fetch/src/models/GetProductByBarcodeResponse.ts: clients/ts-fetch/src/models/GetProductByBarcodeResponse.ts 68ms
Post-processing ./clients/ts-fetch/src/models/Image.ts: clients/ts-fetch/src/models/Image.ts 63ms
Post-processing ./clients/ts-fetch/src/models/ImageElement.ts: clients/ts-fetch/src/models/ImageElement.ts 58ms
Post-processing ./clients/ts-fetch/src/models/ImageRole.ts: clients/ts-fetch/src/models/ImageRole.ts 64ms
Post-processing ./clients/ts-fetch/src/models/ImageRoleSizes.ts: clients/ts-fetch/src/models/ImageRoleSizes.ts 62ms
Post-processing ./clients/ts-fetch/src/models/ImageSize.ts: clients/ts-fetch/src/models/ImageSize.ts 59ms
Post-processing ./clients/ts-fetch/src/models/ImageSizes.ts: clients/ts-fetch/src/models/ImageSizes.ts 55ms
Post-processing ./clients/ts-fetch/src/models/Ingredient.ts: clients/ts-fetch/src/models/Ingredient.ts 82ms
Post-processing ./clients/ts-fetch/src/models/IngredientPercentMax.ts: clients/ts-fetch/src/models/IngredientPercentMax.ts 47ms
Post-processing ./clients/ts-fetch/src/models/Nutrient.ts: clients/ts-fetch/src/models/Nutrient.ts 64ms
Post-processing ./clients/ts-fetch/src/models/Nutriscore2021.ts: clients/ts-fetch/src/models/Nutriscore2021.ts 80ms
Post-processing ./clients/ts-fetch/src/models/Nutriscore2021Data.ts: clients/ts-fetch/src/models/Nutriscore2021Data.ts 99ms
Post-processing ./clients/ts-fetch/src/models/Nutriscore2023.ts: clients/ts-fetch/src/models/Nutriscore2023.ts 73ms
Post-processing ./clients/ts-fetch/src/models/Nutriscore2023Data.ts: clients/ts-fetch/src/models/Nutriscore2023Data.ts 83ms
Post-processing ./clients/ts-fetch/src/models/Nutriscore2023DataComponents.ts: clients/ts-fetch/src/models/Nutriscore2023DataComponents.ts 67ms
Post-processing ./clients/ts-fetch/src/models/NutriscoreComponent.ts: clients/ts-fetch/src/models/NutriscoreComponent.ts 63ms
Post-processing ./clients/ts-fetch/src/models/Nutriscores.ts: clients/ts-fetch/src/models/Nutriscores.ts 57ms
Post-processing ./clients/ts-fetch/src/models/OcrOnProductResponse.ts: clients/ts-fetch/src/models/OcrOnProductResponse.ts 55ms
Post-processing ./clients/ts-fetch/src/models/PackagingComponentREAD.ts: clients/ts-fetch/src/models/PackagingComponentREAD.ts 64ms
Post-processing ./clients/ts-fetch/src/models/Panel.ts: clients/ts-fetch/src/models/Panel.ts 67ms
Post-processing ./clients/ts-fetch/src/models/PanelElement.ts: clients/ts-fetch/src/models/PanelElement.ts 51ms
Post-processing ./clients/ts-fetch/src/models/PanelGroupElement.ts: clients/ts-fetch/src/models/PanelGroupElement.ts 51ms
Post-processing ./clients/ts-fetch/src/models/Panels.ts: clients/ts-fetch/src/models/Panels.ts 52ms
Post-processing ./clients/ts-fetch/src/models/Product.ts: clients/ts-fetch/src/models/Product.ts 286ms
Post-processing ./clients/ts-fetch/src/models/ProductAllOfManufacturer.ts: clients/ts-fetch/src/models/ProductAllOfManufacturer.ts 50ms
Post-processing ./clients/ts-fetch/src/models/ProductAttributeGroup.ts: clients/ts-fetch/src/models/ProductAttributeGroup.ts 89ms
Post-processing ./clients/ts-fetch/src/models/ProductAttributeGroups.ts: clients/ts-fetch/src/models/ProductAttributeGroups.ts 66ms
Post-processing ./clients/ts-fetch/src/models/ProductBase.ts: clients/ts-fetch/src/models/ProductBase.ts 79ms
Post-processing ./clients/ts-fetch/src/models/ProductEcoScore.ts: clients/ts-fetch/src/models/ProductEcoScore.ts 64ms
Post-processing ./clients/ts-fetch/src/models/ProductEcoscoreAdjustments.ts: clients/ts-fetch/src/models/ProductEcoscoreAdjustments.ts 61ms
Post-processing ./clients/ts-fetch/src/models/ProductEcoscoreAdjustmentsOriginsOfIngredients.ts: clients/ts-fetch/src/models/ProductEcoscoreAdjustmentsOriginsOfIngredients.ts 73ms
Post-processing ./clients/ts-fetch/src/models/ProductEcoscoreAdjustmentsPackaging.ts: clients/ts-fetch/src/models/ProductEcoscoreAdjustmentsPackaging.ts 57ms
Post-processing ./clients/ts-fetch/src/models/ProductEcoscoreAdjustmentsProductionSystem.ts: clients/ts-fetch/src/models/ProductEcoscoreAdjustmentsProductionSystem.ts 53ms
Post-processing ./clients/ts-fetch/src/models/ProductEcoscoreAdjustmentsThreatenedSpecies.ts: clients/ts-fetch/src/models/ProductEcoscoreAdjustmentsThreatenedSpecies.ts 52ms
Post-processing ./clients/ts-fetch/src/models/ProductEcoscoreData.ts: clients/ts-fetch/src/models/ProductEcoscoreData.ts 75ms
Post-processing ./clients/ts-fetch/src/models/ProductEcoscoreDataAgribalyse.ts: clients/ts-fetch/src/models/ProductEcoscoreDataAgribalyse.ts 82ms
Post-processing ./clients/ts-fetch/src/models/ProductEcoscoreDataMissing.ts: clients/ts-fetch/src/models/ProductEcoscoreDataMissing.ts 62ms
Post-processing ./clients/ts-fetch/src/models/ProductEcoscoreDataPreviousData.ts: clients/ts-fetch/src/models/ProductEcoscoreDataPreviousData.ts 59ms
Post-processing ./clients/ts-fetch/src/models/ProductExtended.ts: clients/ts-fetch/src/models/ProductExtended.ts 90ms
Post-processing ./clients/ts-fetch/src/models/ProductExtendedCategoriesProperties.ts: clients/ts-fetch/src/models/ProductExtendedCategoriesProperties.ts 56ms
Post-processing ./clients/ts-fetch/src/models/ProductExtendedOwnerFields.ts: clients/ts-fetch/src/models/ProductExtendedOwnerFields.ts 55ms
Post-processing ./clients/ts-fetch/src/models/ProductImages.ts: clients/ts-fetch/src/models/ProductImages.ts 117ms
Post-processing ./clients/ts-fetch/src/models/ProductImagesProperties.ts: clients/ts-fetch/src/models/ProductImagesProperties.ts 96ms
Post-processing ./clients/ts-fetch/src/models/ProductIngredients.ts: clients/ts-fetch/src/models/ProductIngredients.ts 124ms
Post-processing ./clients/ts-fetch/src/models/ProductIngredientsIngredientsAnalysis.ts: clients/ts-fetch/src/models/ProductIngredientsIngredientsAnalysis.ts 65ms
Post-processing ./clients/ts-fetch/src/models/ProductIngredientsPercentMax.ts: clients/ts-fetch/src/models/ProductIngredientsPercentMax.ts 55ms
Post-processing ./clients/ts-fetch/src/models/ProductKnowledgePanels.ts: clients/ts-fetch/src/models/ProductKnowledgePanels.ts 70ms
Post-processing ./clients/ts-fetch/src/models/ProductMetaSource.ts: clients/ts-fetch/src/models/ProductMetaSource.ts 70ms
Post-processing ./clients/ts-fetch/src/models/ProductMetaSourceFields.ts: clients/ts-fetch/src/models/ProductMetaSourceFields.ts 59ms
Post-processing ./clients/ts-fetch/src/models/ProductMetaSourceFieldsOrgGs.ts: clients/ts-fetch/src/models/ProductMetaSourceFieldsOrgGs.ts 101ms
Post-processing ./clients/ts-fetch/src/models/ProductMetaSourceManufacturer.ts: clients/ts-fetch/src/models/ProductMetaSourceManufacturer.ts 50ms
Post-processing ./clients/ts-fetch/src/models/ProductMetadata.ts: clients/ts-fetch/src/models/ProductMetadata.ts 82ms
Post-processing ./clients/ts-fetch/src/models/ProductMisc.ts: clients/ts-fetch/src/models/ProductMisc.ts 85ms
Post-processing ./clients/ts-fetch/src/models/ProductMiscNutrientLevels.ts: clients/ts-fetch/src/models/ProductMiscNutrientLevels.ts 67ms
Post-processing ./clients/ts-fetch/src/models/ProductNutriscore.ts: clients/ts-fetch/src/models/ProductNutriscore.ts 74ms
Post-processing ./clients/ts-fetch/src/models/ProductNutrition.ts: clients/ts-fetch/src/models/ProductNutrition.ts 85ms
Post-processing ./clients/ts-fetch/src/models/ProductNutritionNutriments.ts: clients/ts-fetch/src/models/ProductNutritionNutriments.ts 128ms
Post-processing ./clients/ts-fetch/src/models/ProductNutritionNutriscoreData.ts: clients/ts-fetch/src/models/ProductNutritionNutriscoreData.ts 55ms
Post-processing ./clients/ts-fetch/src/models/ProductQuality.ts: clients/ts-fetch/src/models/ProductQuality.ts 72ms
Post-processing ./clients/ts-fetch/src/models/ProductSelectedImages.ts: clients/ts-fetch/src/models/ProductSelectedImages.ts 60ms
Post-processing ./clients/ts-fetch/src/models/ProductSelectedImagesIngredients.ts: clients/ts-fetch/src/models/ProductSelectedImagesIngredients.ts 53ms
Post-processing ./clients/ts-fetch/src/models/ProductTags.ts: clients/ts-fetch/src/models/ProductTags.ts 78ms
Post-processing ./clients/ts-fetch/src/models/RotateAPhotoResponse.ts: clients/ts-fetch/src/models/RotateAPhotoResponse.ts 56ms
Post-processing ./clients/ts-fetch/src/models/RotateAPhotoResponseImage.ts: clients/ts-fetch/src/models/RotateAPhotoResponseImage.ts 55ms
Post-processing ./clients/ts-fetch/src/models/SearchForProductsResponse.ts: clients/ts-fetch/src/models/SearchForProductsResponse.ts 72ms
Post-processing ./clients/ts-fetch/src/models/TableColumn.ts: clients/ts-fetch/src/models/TableColumn.ts 59ms
Post-processing ./clients/ts-fetch/src/models/TableElement.ts: clients/ts-fetch/src/models/TableElement.ts 58ms
Post-processing ./clients/ts-fetch/src/models/TextElement.ts: clients/ts-fetch/src/models/TextElement.ts 63ms
Post-processing ./clients/ts-fetch/src/models/TitleElement.ts: clients/ts-fetch/src/models/TitleElement.ts 77ms
Post-processing ./clients/ts-fetch/src/models/UnselectAPhotoResponse.ts: clients/ts-fetch/src/models/UnselectAPhotoResponse.ts 66ms
Post-processing ./clients/ts-fetch/src/apis/AuthenticationApi.ts: clients/ts-fetch/src/apis/AuthenticationApi.ts 86ms
Post-processing ./clients/ts-fetch/src/apis/AuxiliaryOperationsApi.ts: clients/ts-fetch/src/apis/AuxiliaryOperationsApi.ts 145ms
Post-processing ./clients/ts-fetch/src/apis/PersonalSearchApi.ts: clients/ts-fetch/src/apis/PersonalSearchApi.ts 79ms
Post-processing ./clients/ts-fetch/src/apis/ReadRequestsApi.ts: clients/ts-fetch/src/apis/ReadRequestsApi.ts 139ms
Post-processing ./clients/ts-fetch/src/apis/WriteRequestsApi.ts: clients/ts-fetch/src/apis/WriteRequestsApi.ts 142ms
Post-processing ./clients/ts-fetch/src/index.ts: clients/ts-fetch/src/index.ts 39ms
Post-processing ./clients/ts-fetch/src/runtime.ts: clients/ts-fetch/src/runtime.ts 139ms
Post-processing ./clients/ts-fetch/src/models/index.ts: clients/ts-fetch/src/models/index.ts 51ms
Post-processing ./clients/ts-fetch/src/apis/index.ts: clients/ts-fetch/src/apis/index.ts 39ms
